[13:47:41] [main/WARN]: Ambiguity between arguments [teleport, location] and [teleport, destination] with inputs: [0.1 -0.5 .9, 0 0 0]
[13:47:41] [main/WARN]: Ambiguity between arguments [teleport, location] and [teleport, targets] with inputs: [0.1 -0.5 .9, 0 0 0]
[13:47:41] [main/WARN]: Ambiguity between arguments [teleport, targets] and [teleport, destination] with inputs: [Player, 0123, dd12be42-52a9-4a91-a8a1-11c01849e498]
[13:47:41] [main/WARN]: Ambiguity between arguments [teleport, targets, location] and [teleport, targets, destination] with inputs: [0.1 -0.5 .9, 0 0 0]
[13:47:42] [Server thread/INFO]: Starting minecraft server version 1.14.1
[13:47:42] [Server thread/INFO]: Loading properties
[13:47:42] [Server thread/INFO]: Default game type: SURVIVAL
[13:47:42] [Server thread/INFO]: Generating keypair
[13:47:42] [Server thread/INFO]: Starting Minecraft server on 192.168.1.45:25565
[13:47:42] [Server thread/INFO]: Using default channel type
[13:47:45] [Server thread/WARN]: **** SERVER IS RUNNING IN OFFLINE/INSECURE MODE!
[13:47:45] [Server thread/WARN]: The server will make no attempt to authenticate usernames. Beware.
[13:47:45] [Server thread/WARN]: While this makes the game possible to play without internet access, it also opens up the ability for hackers to connect with any username they choose.
[13:47:45] [Server thread/WARN]: To change this, set "online-mode" to "true" in the server.properties file.
[13:47:45] [Server thread/INFO]: Preparing level "this is new world"
[13:47:46] [Server thread/INFO]: Reloading ResourceManager: Default
[13:47:47] [Server thread/INFO]: Loaded 6 recipes
[13:47:49] [Server thread/INFO]: Loaded 811 advancements
[13:47:50] [Server thread/INFO]: Preparing start region for dimension minecraft:overworld
[13:47:58] [Server-Worker-2/INFO]: Preparing spawn area: 0%
[13:47:58] [Server-Worker-3/INFO]: Preparing spawn area: 0%
[13:47:58] [Server-Worker-7/INFO]: Preparing spawn area: 0%
[13:47:58] [Server-Worker-3/INFO]: Preparing spawn area: 0%
[13:47:58] [Server-Worker-5/INFO]: Preparing spawn area: 0%
[13:47:58] [Server-Worker-7/INFO]: Preparing spawn area: 0%
[13:47:58] [Server-Worker-5/INFO]: Preparing spawn area: 0%
[13:47:58] [Server-Worker-4/INFO]: Preparing spawn area: 0%
[13:47:58] [Server-Worker-2/INFO]: Preparing spawn area: 0%
[13:47:58] [Server-Worker-1/INFO]: Preparing spawn area: 0%
[13:47:58] [Server-Worker-3/INFO]: Preparing spawn area: 0%
[13:47:58] [Server-Worker-1/INFO]: Preparing spawn area: 0%
[13:47:58] [Server-Worker-4/INFO]: Preparing spawn area: 0%
[13:47:58] [Server-Worker-1/INFO]: Preparing spawn area: 0%
[13:47:58] [Server-Worker-4/INFO]: Preparing spawn area: 0%
[13:47:58] [Server-Worker-1/INFO]: Preparing spawn area: 0%
[13:47:58] [Server-Worker-1/INFO]: Preparing spawn area: 0%
[13:47:59] [Server-Worker-6/INFO]: Preparing spawn area: 0%
[13:47:59] [Server-Worker-7/INFO]: Preparing spawn area: 0%
[13:48:01] [Server-Worker-4/INFO]: Preparing spawn area: 9%
[13:48:01] [Server-Worker-7/INFO]: Preparing spawn area: 9%
[13:48:05] [Server-Worker-7/INFO]: Preparing spawn area: 14%
[13:48:05] [Server-Worker-5/INFO]: Preparing spawn area: 14%
[13:48:05] [Server-Worker-5/INFO]: Preparing spawn area: 14%
[13:48:05] [Server-Worker-7/INFO]: Preparing spawn area: 14%
[13:48:05] [Server-Worker-7/INFO]: Preparing spawn area: 14%
[13:48:05] [Server-Worker-5/INFO]: Preparing spawn area: 14%
[13:48:05] [Server-Worker-5/INFO]: Preparing spawn area: 14%
[13:48:05] [Server-Worker-5/INFO]: Preparing spawn area: 14%
[13:48:05] [Server-Worker-5/INFO]: Preparing spawn area: 36%
[13:48:05] [Server thread/INFO]: Time elapsed: 14724 ms
[13:48:05] [Server thread/INFO]: Done (20.327s)! For help, type "help"
[13:51:03] [Server thread/INFO]: Junsennn[/192.168.1.45:57766] logged in with entity id 385 at (-94.95782628373263, 57.0, -264.5996480025504)
[13:51:03] [Server thread/INFO]: Junsennn joined the game
[13:53:08] [Server thread/WARN]: Can't keep up! Is the server overloaded? Running 2716ms or 54 ticks behind
[13:55:36] [Server thread/WARN]: Fetching addPacket for removed entity
[13:56:14] [Server thread/INFO]: joodieee[/119.74.230.184:63028] logged in with entity id 3354 at (-94.18878260344528, 57.0, -262.6938562507203)
[13:56:14] [Server thread/INFO]: joodieee joined the game
[13:58:11] [Server thread/WARN]: Can't keep up! Is the server overloaded? Running 2808ms or 56 ticks behind
[14:13:14] [Server thread/WARN]: Can't keep up! Is the server overloaded? Running 2884ms or 57 ticks behind
[14:18:16] [Server thread/WARN]: Junsennn moved too quickly! 10.141829669729702,0.0,-0.868477642054188
[14:18:16] [Server thread/WARN]: Can't keep up! Is the server overloaded? Running 2863ms or 57 ticks behind
[14:19:18] [Server thread/INFO]: Junsennn was slain by joodieee
[14:19:23] [Server thread/INFO]: [Junsennn: Teleported Junsennn to joodieee]
[14:20:40] [Server thread/INFO]: Junsennn was slain by Zombie
[14:20:44] [Server thread/INFO]: [Junsennn: Teleported Junsennn to joodieee]
[14:23:19] [Server thread/WARN]: Can't keep up! Is the server overloaded? Running 3038ms or 60 ticks behind
[14:29:33] [Server thread/WARN]: Fetching addPacket for removed entity
[14:29:33] [Server thread/WARN]: Fetching addPacket for removed entity
[14:30:07] [Server thread/INFO]: <joodieee> chateau
[14:31:38] [Server thread/INFO]: [Junsennn: Set own game mode to Creative Mode]
[14:31:46] [Server thread/INFO]: [Junsennn: Set own game mode to Survival Mode]
[14:33:22] [Server thread/WARN]: Can't keep up! Is the server overloaded? Running 2362ms or 47 ticks behind
[14:38:24] [Server thread/WARN]: Can't keep up! Is the server overloaded? Running 2634ms or 52 ticks behind
[14:42:47] [Server thread/INFO]: Junsennn was slain by Zombie
[14:42:53] [Server thread/INFO]: [Junsennn: Teleported Junsennn to joodieee]
[14:43:28] [Server thread/WARN]: Can't keep up! Is the server overloaded? Running 3377ms or 67 ticks behind
[14:48:04] [Server thread/INFO]: Junsennn was shot by Skeleton
[14:48:10] [Server thread/INFO]: [Junsennn: Teleported Junsennn to joodieee]
[14:48:31] [Server thread/WARN]: Can't keep up! Is the server overloaded? Running 3168ms or 63 ticks behind
[14:53:33] [Server thread/WARN]: Can't keep up! Is the server overloaded? Running 2139ms or 42 ticks behind
[15:08:35] [Server thread/WARN]: Can't keep up! Is the server overloaded? Running 2416ms or 48 ticks behind
[15:08:44] [Server thread/INFO]: [Junsennn: Teleported Junsennn to joodieee]
[15:08:44] [Server thread/WARN]: Junsennn moved too quickly! -42.91527402448651,-4.0,-11.955929037833435
[15:13:17] [Server thread/WARN]: Fetching addPacket for removed entity
[15:13:17] [Server thread/WARN]: Fetching addPacket for removed entity
[15:13:24] [Server thread/WARN]: Fetching addPacket for removed entity
[15:13:24] [Server thread/WARN]: Fetching addPacket for removed entity
[15:13:38] [Server thread/WARN]: Can't keep up! Is the server overloaded? Running 3023ms or 60 ticks behind
[15:23:22] [Server thread/INFO]: joodieee lost connection: Disconnected
[15:23:22] [Server thread/INFO]: joodieee left the game
[15:23:24] [Server thread/INFO]: Junsennn lost connection: Disconnected
[15:23:24] [Server thread/INFO]: Junsennn left the game
[15:23:30] [Server thread/INFO]: Incorrect argument for command
[15:23:30] [Server thread/INFO]: stop <--[HERE]
[15:23:32] [Server thread/INFO]: Stopping the server
[15:23:32] [Server thread/INFO]: Stopping server
[15:23:32] [Server thread/INFO]: Saving players
[15:23:32] [Server thread/INFO]: Saving worlds
[15:23:32] [Server thread/INFO]: Saving chunks for level 'this is new world'/minecraft:the_end
[15:23:32] [Server thread/INFO]: ThreadedAnvilChunkStorage (DIM1): All chunks are saved
[15:23:32] [Server thread/INFO]: Saving chunks for level 'this is new world'/minecraft:overworld
[15:23:33] [Server thread/INFO]: ThreadedAnvilChunkStorage (this is new world): All chunks are saved
[15:23:33] [Server thread/INFO]: Saving chunks for level 'this is new world'/minecraft:the_nether
[15:23:33] [Server thread/INFO]: ThreadedAnvilChunkStorage (DIM-1): All chunks are saved
[15:23:33] [Server thread/INFO]: ThreadedAnvilChunkStorage (DIM1): All chunks are saved
[15:23:33] [Server thread/INFO]: ThreadedAnvilChunkStorage (this is new world): All chunks are saved
[15:23:33] [Server thread/INFO]: ThreadedAnvilChunkStorage (DIM-1): All chunks are saved
